  [4;36;1mSQL (2.0ms)[0m   [0;1m SELECT name
 FROM sqlite_master
 WHERE type = 'table' AND NOT name = 'sqlite_sequence'
[0m
  [4;35;1mSQL (0.2ms)[0m   [0mselect sqlite_version(*)[0m
  [4;36;1mSQL (3.2ms)[0m   [0;1mCREATE TABLE "schema_migrations" ("version" varchar(255) NOT NULL) [0m
  [4;35;1mSQL (2.5ms)[0m   [0mCREATE UNIQUE INDEX "unique_schema_migrations" ON "schema_migrations" ("version")[0m
  [4;36;1mSQL (0.3ms)[0m   [0;1m SELECT name
 FROM sqlite_master
 WHERE type = 'table' AND NOT name = 'sqlite_sequence'
[0m
  [4;35;1mSQL (0.3ms)[0m   [0mSELECT version FROM schema_migrations[0m
Migrating to CreateSources (20090630005902)
  [4;36;1mSQL (1.5ms)[0m   [0;1mCREATE TABLE "sources" ("id" INTEGER PRIMARY KEY AUTOINCREMENT NOT NULL, "name" varchar(255), "created_at" datetime, "updated_at" datetime) [0m
  [4;35;1mSQL (0.2ms)[0m   [0mINSERT INTO schema_migrations (version) VALUES ('20090630005902')[0m
Migrating to CreateTimePeriods (20090630010143)
  [4;36;1mSQL (1.7ms)[0m   [0;1mCREATE TABLE "time_periods" ("id" INTEGER PRIMARY KEY AUTOINCREMENT NOT NULL, "source_id" integer, "time_start" datetime, "time_end" datetime, "created_at" datetime, "updated_at" datetime) [0m
  [4;35;1mSQL (0.2ms)[0m   [0mINSERT INTO schema_migrations (version) VALUES ('20090630010143')[0m
  [4;36;1mSQL (0.5ms)[0m   [0;1m SELECT name
 FROM sqlite_master
 WHERE type = 'table' AND NOT name = 'sqlite_sequence'
[0m
  [4;35;1mSQL (0.3ms)[0m   [0mSELECT version FROM schema_migrations[0m
  [4;36;1mSQL (0.4ms)[0m   [0;1m SELECT name
 FROM sqlite_master
 WHERE type = 'table' AND NOT name = 'sqlite_sequence'
[0m
  [4;35;1mSQL (0.1ms)[0m   [0mPRAGMA index_list("sources")[0m
  [4;36;1mSQL (0.1ms)[0m   [0;1mPRAGMA index_list("time_periods")[0m
  [4;36;1mSource Load (0.5ms)[0m   [0;1mSELECT * FROM "sources" WHERE ("sources"."name" = 'console') LIMIT 1[0m
  [4;35;1mSource Create (1.7ms)[0m   [0mINSERT INTO "sources" ("name", "updated_at", "created_at") VALUES('console', '2009-07-01 01:31:58', '2009-07-01 01:31:58')[0m
  [4;36;1mTimePeriod Create (0.7ms)[0m   [0;1mINSERT INTO "time_periods" ("updated_at", "source_id", "time_start", "time_end", "created_at") VALUES('2009-07-01 01:31:58', 1, NULL, NULL, '2009-07-01 01:31:58')[0m
  [4;35;1mSource Load (1.3ms)[0m   [0mSELECT * FROM "sources" WHERE ("sources"."name" = 'console') LIMIT 1[0m
  [4;36;1mSource Load (5.6ms)[0m   [0;1mSELECT * FROM "sources" WHERE ("sources"."name" = 'console') LIMIT 1[0m
  [4;35;1mSource Load (0.4ms)[0m   [0mSELECT * FROM "sources" WHERE ("sources"."name" = 'console') LIMIT 1[0m
  [4;36;1mSource Load (1.2ms)[0m   [0;1mSELECT * FROM "sources" WHERE ("sources"."name" = 'console') LIMIT 1[0m
  [4;35;1mSource Load (0.7ms)[0m   [0mSELECT * FROM "sources" WHERE ("sources"."name" = 'console') LIMIT 1[0m
  [4;36;1mSource Load (0.5ms)[0m   [0;1mSELECT * FROM "sources" WHERE ("sources"."name" = 'console') LIMIT 1[0m
  [4;35;1mSource Load (0.4ms)[0m   [0mSELECT * FROM "sources" WHERE ("sources"."name" = 'console') LIMIT 1[0m
  [4;36;1mSource Load (0.5ms)[0m   [0;1mSELECT * FROM "sources" WHERE ("sources"."name" = 'console') LIMIT 1[0m
  [4;36;1mSQL (0.6ms)[0m   [0;1m SELECT name
 FROM sqlite_master
 WHERE type = 'table' AND NOT name = 'sqlite_sequence'
[0m
  [4;35;1mSQL (0.2ms)[0m   [0mSELECT version FROM schema_migrations[0m
Migrating to CreateSources (20090630005902)
Migrating to CreateTimePeriods (20090630010143)
  [4;36;1mSQL (0.2ms)[0m   [0;1mselect sqlite_version(*)[0m
  [4;35;1mSQL (0.3ms)[0m   [0m SELECT name
 FROM sqlite_master
 WHERE type = 'table' AND NOT name = 'sqlite_sequence'
[0m
  [4;36;1mSQL (0.2ms)[0m   [0;1mSELECT version FROM schema_migrations[0m
  [4;35;1mSQL (0.2ms)[0m   [0m SELECT name
 FROM sqlite_master
 WHERE type = 'table' AND NOT name = 'sqlite_sequence'
[0m
  [4;36;1mSQL (0.0ms)[0m   [0;1mPRAGMA index_list("sources")[0m
  [4;35;1mSQL (0.0ms)[0m   [0mPRAGMA index_list("time_periods")[0m
